{
  "RSpec": {
    "coverage": {
      "/Users/samanthapeterson/turing/4module/projects/listicle_be/config/environment.rb": {
        "lines": [
          null,
          1,
          null,
          null,
          1
        ]
      },
      "/Users/samanthapeterson/turing/4module/projects/listicle_be/config/application.rb": {
        "lines": [
          1,
          null,
          1,
          null,
          1,
          1,
          1,
          1,
          1,
          1,
          1,
          1,
          1,
          1,
          1,
          null,
          null,
          null,
          null,
          1,
          null,
          1,
          1,
          null,
          1,
          null,
          null,
          null,
          null,
          null,
          null,
          null,
          null,
          null,
          null,
          null,
          null,
          1,
          null,
          null
        ]
      },
      "/Users/samanthapeterson/turing/4module/projects/listicle_be/config/boot.rb": {
        "lines": [
          1,
          null,
          1,
          1
        ]
      },
      "/Users/samanthapeterson/turing/4module/projects/listicle_be/config/environments/test.rb": {
        "lines": [
          1,
          null,
          null,
          null,
          null,
          null,
          null,
          1,
          null,
          null,
          1,
          1,
          null,
          null,
          null,
          null,
          1,
          null,
          null,
          1,
          1,
          null,
          null,
          null,
          null,
          1,
          1,
          1,
          null,
          null,
          1,
          null,
          null,
          1,
          null,
          null,
          1,
          null,
          1,
          null,
          null,
          null,
          null,
          1,
          null,
          null,
          1,
          null,
          null,
          1,
          null,
          null,
          1,
          null,
          null,
          null,
          null,
          null,
          null,
          null
        ]
      },
      "/Users/samanthapeterson/turing/4module/projects/listicle_be/config/initializers/application_controller_renderer.rb": {
        "lines": [
          null,
          null,
          null,
          null,
          null,
          null,
          null,
          null
        ]
      },
      "/Users/samanthapeterson/turing/4module/projects/listicle_be/config/initializers/assets.rb": {
        "lines": [
          null
        ]
      },
      "/Users/samanthapeterson/turing/4module/projects/listicle_be/config/initializers/backtrace_silencers.rb": {
        "lines": [
          null,
          null,
          null,
          null,
          null,
          null,
          null,
          1
        ]
      },
      "/Users/samanthapeterson/turing/4module/projects/listicle_be/config/initializers/cors.rb": {
        "lines": [
          null,
          null,
          null,
          null,
          null,
          null,
          null,
          1,
          1,
          1,
          null,
          1,
          null,
          null,
          null,
          null
        ]
      },
      "/Users/samanthapeterson/turing/4module/projects/listicle_be/config/initializers/filter_parameter_logging.rb": {
        "lines": [
          null,
          null,
          null,
          1,
          null,
          null
        ]
      },
      "/Users/samanthapeterson/turing/4module/projects/listicle_be/config/initializers/inflections.rb": {
        "lines": [
          null,
          null,
          null,
          null,
          null,
          null,
          null,
          null,
          null,
          null,
          null,
          null,
          null,
          null,
          null,
          null
        ]
      },
      "/Users/samanthapeterson/turing/4module/projects/listicle_be/config/initializers/mime_types.rb": {
        "lines": [
          null,
          null,
          null,
          null
        ]
      },
      "/Users/samanthapeterson/turing/4module/projects/listicle_be/config/initializers/wrap_parameters.rb": {
        "lines": [
          null,
          null,
          null,
          null,
          null,
          null,
          1,
          2,
          null,
          null,
          null,
          null,
          null,
          null
        ]
      },
      "/Users/samanthapeterson/turing/4module/projects/listicle_be/spec/factories/activities.rb": {
        "lines": [
          1,
          1,
          50,
          1,
          50,
          null,
          null,
          null
        ]
      },
      "/Users/samanthapeterson/turing/4module/projects/listicle_be/spec/factories/projects.rb": {
        "lines": [
          1,
          1,
          48,
          1,
          null,
          null
        ]
      },
      "/Users/samanthapeterson/turing/4module/projects/listicle_be/spec/factories/tasks.rb": {
        "lines": [
          1,
          1,
          45,
          45,
          1,
          null,
          null
        ]
      },
      "/Users/samanthapeterson/turing/4module/projects/listicle_be/spec/factories/users.rb": {
        "lines": [
          1,
          1,
          36,
          null,
          null
        ]
      },
      "/Users/samanthapeterson/turing/4module/projects/listicle_be/config/routes.rb": {
        "lines": [
          1,
          1,
          0,
          null,
          1,
          null
        ]
      },
      "/Users/samanthapeterson/turing/4module/projects/listicle_be/app/graphql/mutations/create_activity.rb": {
        "lines": [
          1,
          1,
          1,
          1,
          null,
          1,
          1,
          null,
          1,
          2,
          2,
          null,
          2,
          null,
          null,
          null,
          null,
          0,
          null,
          null,
          null,
          null,
          null
        ]
      },
      "/Users/samanthapeterson/turing/4module/projects/listicle_be/app/graphql/mutations/base_mutation.rb": {
        "lines": [
          1,
          1,
          1,
          1,
          1,
          1,
          null,
          null
        ]
      },
      "/Users/samanthapeterson/turing/4module/projects/listicle_be/app/graphql/types/base_argument.rb": {
        "lines": [
          1,
          1,
          null,
          null
        ]
      },
      "/Users/samanthapeterson/turing/4module/projects/listicle_be/app/graphql/types/base_field.rb": {
        "lines": [
          1,
          1,
          1,
          null,
          null
        ]
      },
      "/Users/samanthapeterson/turing/4module/projects/listicle_be/app/graphql/types/base_input_object.rb": {
        "lines": [
          1,
          1,
          1,
          null,
          null
        ]
      },
      "/Users/samanthapeterson/turing/4module/projects/listicle_be/app/graphql/types/base_object.rb": {
        "lines": [
          1,
          1,
          1,
          1,
          1,
          null,
          null
        ]
      },
      "/Users/samanthapeterson/turing/4module/projects/listicle_be/app/graphql/types/base_edge.rb": {
        "lines": [
          1,
          1,
          null,
          1,
          null,
          null
        ]
      },
      "/Users/samanthapeterson/turing/4module/projects/listicle_be/app/graphql/types/base_connection.rb": {
        "lines": [
          1,
          1,
          null,
          1,
          null,
          null
        ]
      },
      "/Users/samanthapeterson/turing/4module/projects/listicle_be/app/graphql/types/status.rb": {
        "lines": [
          1,
          1,
          1,
          1,
          1,
          null,
          null
        ]
      },
      "/Users/samanthapeterson/turing/4module/projects/listicle_be/app/graphql/types/base_enum.rb": {
        "lines": [
          1,
          1,
          null,
          null
        ]
      },
      "/Users/samanthapeterson/turing/4module/projects/listicle_be/app/graphql/types/activity_type.rb": {
        "lines": [
          1,
          1,
          1,
          1,
          1,
          1,
          1,
          1,
          1,
          1,
          null,
          1,
          6,
          null,
          null,
          null
        ]
      },
      "/Users/samanthapeterson/turing/4module/projects/listicle_be/app/graphql/types/task_type.rb": {
        "lines": [
          1,
          1,
          1,
          1,
          1,
          1,
          1,
          1,
          null,
          null
        ]
      },
      "/Users/samanthapeterson/turing/4module/projects/listicle_be/spec/graphql/mutations/activities/destroy_activity_spec.rb": {
        "lines": [
          1,
          1,
          1,
          1,
          1,
          1,
          1,
          1,
          1,
          null,
          null,
          1,
          1,
          1,
          null,
          1,
          null,
          1,
          1,
          1,
          1,
          1,
          1,
          1,
          1,
          1,
          1,
          1,
          null,
          null,
          1,
          2,
          null,
          null,
          null,
          null,
          null,
          null,
          null,
          null,
          null,
          null,
          null,
          null,
          null,
          null,
          null,
          null,
          null,
          null
        ]
      },
      "/Users/samanthapeterson/turing/4module/projects/listicle_be/app/graphql/mutations/destroy_activity.rb": {
        "lines": [
          1,
          1,
          null,
          1,
          1,
          null,
          1,
          2,
          2,
          null,
          2,
          null,
          null,
          null,
          null,
          0,
          null,
          null,
          null,
          null,
          null
        ]
      },
      "/Users/samanthapeterson/turing/4module/projects/listicle_be/spec/graphql/mutations/activities/update_activity_spec.rb": {
        "lines": [
          1,
          1,
          1,
          1,
          1,
          2,
          2,
          2,
          2,
          null,
          1,
          1,
          1,
          1,
          1,
          1,
          1,
          1,
          1,
          null,
          null,
          1,
          1,
          1,
          1,
          1,
          1,
          1,
          null,
          null,
          1,
          2,
          null,
          null,
          null,
          null,
          null,
          null,
          null,
          null,
          null,
          null,
          null,
          null,
          null,
          null,
          null,
          null,
          null,
          null,
          null,
          null
        ]
      },
      "/Users/samanthapeterson/turing/4module/projects/listicle_be/app/graphql/mutations/update_activity.rb": {
        "lines": [
          1,
          1,
          1,
          1,
          null,
          1,
          1,
          null,
          1,
          2,
          2,
          null,
          2,
          null,
          null,
          null,
          null,
          0,
          null,
          null,
          null,
          null,
          null
        ]
      },
      "/Users/samanthapeterson/turing/4module/projects/listicle_be/spec/graphql/mutations/projects/create_project_spec.rb": {
        "lines": [
          1,
          null,
          1,
          1,
          1,
          1,
          1,
          1,
          null,
          1,
          1,
          null,
          1,
          1,
          null,
          2,
          null,
          null,
          1,
          1,
          null,
          1,
          1,
          1,
          null,
          1,
          1,
          1,
          1,
          1,
          1,
          null,
          null,
          null,
          1,
          2,
          null,
          null,
          null,
          null,
          null,
          null,
          null,
          null,
          null,
          null,
          null,
          null,
          null,
          null,
          null,
          null,
          null,
          null
        ]
      },
      "/Users/samanthapeterson/turing/4module/projects/listicle_be/app/graphql/mutations/create_project.rb": {
        "lines": [
          1,
          1,
          1,
          null,
          1,
          1,
          null,
          1,
          2,
          2,
          null,
          2,
          null,
          null,
          null,
          null,
          0,
          null,
          null,
          null,
          null,
          null
        ]
      },
      "/Users/samanthapeterson/turing/4module/projects/listicle_be/app/graphql/types/project_type.rb": {
        "lines": [
          1,
          1,
          1,
          1,
          1,
          1,
          1,
          1,
          1,
          null,
          1,
          3,
          null,
          null,
          null
        ]
      },
      "/Users/samanthapeterson/turing/4module/projects/listicle_be/spec/graphql/mutations/projects/destroy_project_spec.rb": {
        "lines": [
          1,
          null,
          1,
          1,
          1,
          1,
          2,
          2,
          null,
          null,
          1,
          1,
          1,
          1,
          1,
          null,
          1,
          null,
          null,
          1,
          1,
          1,
          1,
          null,
          1,
          null,
          null,
          null,
          null,
          null,
          null,
          null,
          null,
          1,
          2,
          null,
          null,
          null,
          null,
          null,
          null,
          null,
          null,
          null,
          null,
          null,
          null,
          null,
          null,
          null,
          null,
          null,
          null
        ]
      },
      "/Users/samanthapeterson/turing/4module/projects/listicle_be/app/graphql/mutations/destroy_project.rb": {
        "lines": [
          1,
          1,
          1,
          null,
          1,
          1,
          null,
          1,
          2,
          2,
          null,
          2,
          null,
          null,
          null,
          null,
          0,
          null,
          null,
          null,
          null,
          null
        ]
      },
      "/Users/samanthapeterson/turing/4module/projects/listicle_be/spec/graphql/mutations/tasks/create_task_spec.rb": {
        "lines": [
          1,
          null,
          1,
          1,
          1,
          1,
          1,
          1,
          1,
          1,
          null,
          1,
          null,
          1,
          1,
          null,
          1,
          null,
          null,
          1,
          1,
          1,
          1,
          null,
          1,
          null,
          1,
          1,
          null,
          1,
          1,
          1,
          1,
          1,
          1,
          1,
          null,
          null,
          null,
          1,
          2,
          null,
          null,
          null,
          null,
          null,
          null,
          null,
          null,
          null,
          null,
          null,
          null,
          null,
          null,
          null,
          null,
          null,
          null,
          null,
          null
        ]
      },
      "/Users/samanthapeterson/turing/4module/projects/listicle_be/app/graphql/mutations/create_task.rb": {
        "lines": [
          1,
          1,
          1,
          1,
          null,
          1,
          1,
          null,
          1,
          2,
          2,
          null,
          2,
          null,
          null,
          null,
          null,
          0,
          null,
          null,
          null,
          null,
          null
        ]
      },
      "/Users/samanthapeterson/turing/4module/projects/listicle_be/spec/graphql/mutations/tasks/destroy_task_spec.rb": {
        "lines": [
          1,
          null,
          1,
          1,
          1,
          1,
          2,
          2,
          2,
          2,
          null,
          null,
          1,
          1,
          1,
          1,
          1,
          null,
          1,
          null,
          null,
          1,
          1,
          1,
          1,
          null,
          1,
          null,
          null,
          null,
          null,
          null,
          null,
          null,
          null,
          1,
          2,
          null,
          null,
          null,
          null,
          null,
          null,
          null,
          null,
          null,
          null,
          null,
          null,
          null,
          null,
          null,
          null,
          null,
          null,
          null
        ]
      },
      "/Users/samanthapeterson/turing/4module/projects/listicle_be/app/graphql/mutations/destroy_task.rb": {
        "lines": [
          1,
          1,
          1,
          null,
          1,
          1,
          null,
          1,
          2,
          2,
          null,
          2,
          null,
          null,
          null,
          null,
          0,
          null,
          null,
          null,
          null,
          null
        ]
      },
      "/Users/samanthapeterson/turing/4module/projects/listicle_be/spec/graphql/mutations/tasks/update_task_spec.rb": {
        "lines": [
          1,
          null,
          1,
          1,
          1,
          1,
          1,
          1,
          1,
          1,
          1,
          null,
          1,
          null,
          1,
          1,
          null,
          1,
          1,
          null,
          1,
          null,
          null,
          null,
          1,
          1,
          1,
          1,
          1,
          null,
          1,
          null,
          1,
          1,
          1,
          null,
          1,
          1,
          1,
          1,
          null,
          1,
          1,
          1,
          null,
          null,
          null,
          1,
          2,
          null,
          null,
          null,
          null,
          null,
          null,
          null,
          null,
          null,
          null,
          null,
          null,
          null,
          null,
          null,
          null,
          null,
          null,
          null
        ]
      },
      "/Users/samanthapeterson/turing/4module/projects/listicle_be/app/graphql/mutations/update_task.rb": {
        "lines": [
          1,
          1,
          1,
          1,
          1,
          null,
          1,
          1,
          null,
          1,
          2,
          2,
          null,
          2,
          null,
          null,
          null,
          null,
          0,
          null,
          null,
          null,
          null,
          null
        ]
      },
      "/Users/samanthapeterson/turing/4module/projects/listicle_be/spec/models/activity_spec.rb": {
        "lines": [
          1,
          null,
          1,
          1,
          2,
          2,
          null,
          null,
          1,
          2,
          2,
          2,
          null,
          null
        ]
      },
      "/Users/samanthapeterson/turing/4module/projects/listicle_be/app/models/activity.rb": {
        "lines": [
          1,
          1,
          1,
          null,
          1,
          1,
          null,
          null,
          null,
          1,
          null
        ]
      },
      "/Users/samanthapeterson/turing/4module/projects/listicle_be/app/models/application_record.rb": {
        "lines": [
          1,
          1,
          null
        ]
      },
      "/Users/samanthapeterson/turing/4module/projects/listicle_be/spec/models/project_spec.rb": {
        "lines": [
          1,
          null,
          1,
          1,
          2,
          2,
          2,
          null,
          null,
          1,
          2,
          null,
          null
        ]
      },
      "/Users/samanthapeterson/turing/4module/projects/listicle_be/app/models/project.rb": {
        "lines": [
          1,
          1,
          null,
          1,
          1,
          null,
          1,
          null
        ]
      },
      "/Users/samanthapeterson/turing/4module/projects/listicle_be/spec/models/task_spec.rb": {
        "lines": [
          1,
          null,
          1,
          1,
          2,
          null,
          null,
          1,
          2,
          2,
          2,
          null,
          null
        ]
      },
      "/Users/samanthapeterson/turing/4module/projects/listicle_be/app/models/task.rb": {
        "lines": [
          1,
          1,
          null,
          1,
          1,
          null
        ]
      },
      "/Users/samanthapeterson/turing/4module/projects/listicle_be/spec/models/user_spec.rb": {
        "lines": [
          1,
          null,
          1,
          1,
          2,
          2,
          2,
          null,
          null,
          1,
          2,
          2,
          null,
          null
        ]
      },
      "/Users/samanthapeterson/turing/4module/projects/listicle_be/app/models/user.rb": {
        "lines": [
          1,
          1,
          1,
          1,
          null,
          1,
          1,
          null
        ]
      },
      "/Users/samanthapeterson/turing/4module/projects/listicle_be/spec/requests/activities/query_all_activities_spec.rb": {
        "lines": [
          1,
          null,
          1,
          1,
          1,
          1,
          1,
          1,
          1,
          1,
          1,
          1,
          1,
          1,
          1,
          1,
          1,
          1,
          1,
          1,
          1,
          1,
          1,
          1,
          null,
          1,
          1,
          null,
          null,
          null,
          null,
          null,
          null,
          null,
          null,
          null,
          null,
          null,
          null,
          null,
          null,
          null,
          null,
          1,
          1,
          null,
          null,
          1,
          1,
          null,
          1,
          1,
          1,
          1,
          1,
          1,
          null,
          1,
          null,
          1,
          1,
          1,
          1,
          1,
          1,
          1,
          1,
          1,
          1,
          null,
          null,
          null,
          null
        ]
      },
      "/Users/samanthapeterson/turing/4module/projects/listicle_be/spec/requests/activities/query_one_activity_spec.rb": {
        "lines": [
          1,
          null,
          1,
          1,
          1,
          1,
          2,
          2,
          2,
          2,
          2,
          2,
          2,
          2,
          2,
          2,
          2,
          2,
          2,
          2,
          2,
          2,
          2,
          2,
          null,
          null,
          1,
          null,
          1,
          1,
          null,
          null,
          null,
          null,
          null,
          null,
          null,
          null,
          null,
          null,
          null,
          null,
          null,
          null,
          null,
          null,
          1,
          1,
          null,
          1,
          1,
          null,
          1,
          1,
          1,
          1,
          1,
          null,
          1,
          null,
          1,
          1,
          1,
          null,
          1,
          1,
          null,
          1,
          1,
          null,
          1,
          1,
          1,
          1,
          1,
          null,
          null,
          1,
          null,
          1,
          1,
          null,
          null,
          null,
          null,
          null,
          null,
          null,
          null,
          null,
          null,
          null,
          null,
          null,
          null,
          null,
          null,
          1,
          1,
          null,
          1,
          1,
          1,
          null,
          1,
          1,
          1,
          1,
          null,
          null,
          null,
          null
        ]
      },
      "/Users/samanthapeterson/turing/4module/projects/listicle_be/spec/requests/projects/query_all_projects_spec.rb": {
        "lines": [
          1,
          null,
          1,
          1,
          1,
          1,
          1,
          1,
          1,
          1,
          1,
          1,
          1,
          null,
          1,
          1,
          null,
          null,
          null,
          null,
          null,
          null,
          null,
          null,
          null,
          null,
          null,
          null,
          null,
          null,
          1,
          1,
          null,
          1,
          1,
          null,
          1,
          1,
          1,
          1,
          1,
          1,
          null,
          1,
          null,
          1,
          1,
          1,
          1,
          1,
          1,
          1,
          1,
          null,
          null,
          null,
          null
        ]
      },
      "/Users/samanthapeterson/turing/4module/projects/listicle_be/spec/requests/projects/query_one_project_spec.rb": {
        "lines": [
          1,
          null,
          1,
          1,
          1,
          1,
          2,
          2,
          2,
          2,
          2,
          2,
          2,
          2,
          null,
          null,
          1,
          null,
          1,
          1,
          null,
          null,
          null,
          null,
          null,
          null,
          null,
          null,
          null,
          null,
          null,
          null,
          null,
          null,
          null,
          1,
          1,
          null,
          1,
          1,
          null,
          1,
          1,
          1,
          1,
          1,
          null,
          1,
          null,
          1,
          1,
          1,
          null,
          1,
          1,
          null,
          1,
          1,
          null,
          1,
          1,
          1,
          1,
          1,
          null,
          null,
          1,
          null,
          1,
          1,
          null,
          null,
          null,
          null,
          null,
          null,
          null,
          null,
          null,
          null,
          null,
          null,
          null,
          null,
          null,
          1,
          1,
          null,
          1,
          1,
          1,
          null,
          1,
          1,
          1,
          1,
          null,
          null,
          null,
          null
        ]
      },
      "/Users/samanthapeterson/turing/4module/projects/listicle_be/spec/requests/tasks/query_all_tasks_spec.rb": {
        "lines": [
          1,
          null,
          1,
          1,
          1,
          1,
          1,
          1,
          1,
          1,
          1,
          1,
          1,
          1,
          1,
          1,
          1,
          1,
          1,
          1,
          1,
          1,
          1,
          1,
          null,
          1,
          1,
          null,
          null,
          null,
          null,
          null,
          null,
          null,
          null,
          null,
          null,
          null,
          1,
          1,
          null,
          null,
          1,
          1,
          null,
          1,
          1,
          1,
          1,
          1,
          1,
          null,
          1,
          null,
          1,
          1,
          1,
          1,
          1,
          null,
          null,
          null,
          null
        ]
      },
      "/Users/samanthapeterson/turing/4module/projects/listicle_be/spec/requests/tasks/query_one_task_spec.rb": {
        "lines": [
          1,
          null,
          1,
          1,
          1,
          1,
          2,
          2,
          2,
          2,
          2,
          2,
          2,
          2,
          2,
          2,
          2,
          2,
          2,
          2,
          2,
          2,
          2,
          2,
          null,
          null,
          1,
          null,
          1,
          1,
          null,
          null,
          null,
          null,
          null,
          null,
          null,
          null,
          null,
          null,
          null,
          1,
          1,
          null,
          1,
          1,
          null,
          1,
          1,
          1,
          1,
          1,
          null,
          1,
          null,
          1,
          1,
          1,
          null,
          1,
          1,
          null,
          1,
          1,
          null,
          null,
          1,
          null,
          1,
          1,
          null,
          null,
          null,
          null,
          null,
          null,
          null,
          null,
          null,
          null,
          null,
          1,
          1,
          null,
          1,
          1,
          1,
          null,
          1,
          1,
          1,
          1,
          null,
          null,
          null,
          null
        ]
      },
      "/Users/samanthapeterson/turing/4module/projects/listicle_be/spec/requests/users/query_all_users_spec.rb": {
        "lines": [
          1,
          null,
          1,
          1,
          1,
          1,
          1,
          1,
          1,
          1,
          1,
          1,
          1,
          null,
          1,
          1,
          null,
          null,
          null,
          null,
          null,
          null,
          null,
          null,
          null,
          null,
          null,
          null,
          null,
          null,
          1,
          1,
          null,
          1,
          1,
          null,
          1,
          1,
          1,
          1,
          1,
          1,
          null,
          1,
          null,
          1,
          1,
          1,
          1,
          1,
          1,
          1,
          1,
          1,
          null,
          null,
          null,
          null
        ]
      },
      "/Users/samanthapeterson/turing/4module/projects/listicle_be/spec/requests/users/query_one_user_spec.rb": {
        "lines": [
          1,
          null,
          1,
          1,
          1,
          1,
          2,
          2,
          2,
          2,
          2,
          null,
          null,
          1,
          null,
          1,
          1,
          null,
          null,
          null,
          null,
          null,
          null,
          null,
          null,
          null,
          null,
          null,
          null,
          null,
          null,
          1,
          1,
          null,
          1,
          1,
          null,
          1,
          1,
          1,
          1,
          1,
          null,
          1,
          null,
          1,
          1,
          1,
          null,
          1,
          1,
          null,
          1,
          1,
          1,
          1,
          1,
          null,
          null,
          1,
          null,
          1,
          1,
          null,
          null,
          null,
          null,
          null,
          null,
          null,
          null,
          null,
          null,
          null,
          null,
          null,
          null,
          1,
          1,
          null,
          1,
          1,
          1,
          null,
          1,
          1,
          1,
          1,
          null,
          null,
          null,
          null
        ]
      },
      "/Users/samanthapeterson/turing/4module/projects/listicle_be/app/controllers/graphql_controller.rb": {
        "lines": [
          1,
          null,
          null,
          null,
          null,
          null,
          1,
          28,
          28,
          28,
          28,
          null,
          null,
          null,
          28,
          28,
          null,
          0,
          0,
          null,
          null,
          1,
          null,
          null,
          1,
          28,
          null,
          0,
          0,
          null,
          0,
          null,
          null,
          0,
          null,
          0,
          null,
          28,
          null,
          0,
          null,
          null,
          null,
          1,
          0,
          0,
          null,
          0,
          null,
          null
        ]
      },
      "/Users/samanthapeterson/turing/4module/projects/listicle_be/app/controllers/application_controller.rb": {
        "lines": [
          1,
          null
        ]
      },
      "/Users/samanthapeterson/turing/4module/projects/listicle_be/app/graphql/listicle_be_schema.rb": {
        "lines": [
          1,
          1,
          1,
          null,
          null,
          1,
          null,
          null,
          1,
          null,
          null,
          null,
          null,
          0,
          null,
          null,
          null,
          1,
          null,
          null,
          0,
          null,
          null,
          null,
          null,
          null,
          1,
          null,
          0,
          null,
          0,
          0,
          null,
          0,
          null,
          0,
          0,
          null,
          null,
          null,
          1,
          null,
          null,
          0,
          null,
          0,
          null,
          0,
          0,
          null,
          null
        ]
      },
      "/Users/samanthapeterson/turing/4module/projects/listicle_be/app/graphql/types/mutation_type.rb": {
        "lines": [
          1,
          1,
          1,
          1,
          null,
          1,
          1,
          1,
          1,
          1,
          1,
          null,
          null
        ]
      },
      "/Users/samanthapeterson/turing/4module/projects/listicle_be/app/graphql/types/query_type.rb": {
        "lines": [
          1,
          1,
          null,
          null,
          null,
          null,
          null,
          null,
          null,
          null,
          null,
          null,
          1,
          null,
          1,
          1,
          null,
          null,
          null,
          1,
          1,
          null,
          null,
          1,
          1,
          null,
          null,
          1,
          null,
          1,
          1,
          null,
          null,
          1,
          1,
          null,
          null,
          1,
          1,
          null,
          null,
          1,
          null,
          1,
          1,
          null,
          null,
          1,
          1,
          null,
          null,
          1,
          1,
          null,
          null,
          1,
          null,
          1,
          1,
          null,
          null,
          1,
          1,
          null,
          null,
          1,
          1,
          null,
          null,
          null
        ]
      },
      "/Users/samanthapeterson/turing/4module/projects/listicle_be/app/graphql/types/user_type.rb": {
        "lines": [
          1,
          1,
          1,
          1,
          1,
          1,
          null,
          null,
          1,
          1,
          null,
          1,
          4,
          null,
          null,
          null
        ]
      }
    },
    "timestamp": 1639534904
  }
}
